2020-05-20 12:56:41,655 INFO c.s.d.ProgrammingAssignmentApplication [main] Starting ProgrammingAssignmentApplication on Admin with PID 6376 (C:\Users\User\Desktop\Programming_Assignment-master\target\classes started by User in C:\Users\User\Desktop\Programming_Assignment-master)
2020-05-21 12:56:41,571 INFO c.s.d.ProgrammingAssignmentApplication [main] No active profile set, falling back to default profiles: default
2020-05-21 12:56:42,657 INFO o.a.c.h.Http11NioProtocol [main] Initializing ProtocolHandler ["http-nio-8080"]
2020-05-21 12:56:42,658 INFO o.a.c.c.StandardService [main] Starting service [Tomcat]
2020-05-21 12:56:42,663 INFO o.a.c.c.StandardEngine [main] Starting Servlet engine: [Apache Tomcat/9.0.34]
2020-05-21 12:56:42,730 INFO o.a.c.c.C.[.[.[/] [main] Initializing Spring embedded WebApplicationContext
2020-05-21 12:56:42,730 INFO o.s.w.c.ContextLoader [main] Root WebApplicationContext: initialization completed in 1115 ms
2020-05-21 12:56:42,876 INFO o.s.s.c.ThreadPoolTaskExecutor [main] Initializing ExecutorService 'applicationTaskExecutor'
2020-05-21 12:56:43,027 INFO o.a.c.h.Http11NioProtocol [main] Starting ProtocolHandler ["http-nio-8080"]
2020-05-21 12:56:43,055 INFO c.s.d.ProgrammingAssignmentApplication [main] Started ProgrammingAssignmentApplication in 1.914 seconds (JVM running for 3.174)
2020-05-21 12:57:41,350 INFO o.a.c.c.C.[.[.[/] [http-nio-8080-exec-2] Initializing Spring DispatcherServlet 'dispatcherServlet'
2020-05-21 12:57:41,350 INFO o.s.w.s.DispatcherServlet [http-nio-8080-exec-2] Initializing Servlet 'dispatcherServlet'
2020-05-21 12:57:41,355 INFO o.s.w.s.DispatcherServlet [http-nio-8080-exec-2] Completed initialization in 5 ms
2020-05-21 12:57:41,488 INFO c.s.d.s.Lift [Thread-4] {
  "liftId" : 1,
  "state" : "IDLE",
  "direction" : "NAN",
  "person" : 0,
  "floor" : 1
}
2020-05-21 12:57:41,488 INFO c.s.d.s.Lift [Thread-4] {
  "liftI1d" : 1,
  "state" : "TO_PICKUP",
  "direction" : "UP",
  "person" : 0,
  "floor" : 1
}
2020-05-21 12:57:53,490 INFO c.s.d.s.Lift [Thread-4] {
  "liftId" : 1,
  "state" : "PICKUP",
  "direction" : "NAN",
  "person" : 1,
  "floor" : 5
}
2020-05-21 12:57:57,491 INFO c.s.d.s.Lift [Thread-4] {
  "liftId" : 1,
  "state" : "TO_DROPOFF",
  "direction" : "UP",
  "person" : 1,
  "floor" : 5
}
2020-05-21 12:58:09,491 INFO c.s.d.s.Lift [Thread-4] {
  "liftId" : 1,
  "state" : "DROPOFF",
  "direction" : "NAN",
  "person" : 1,
  "floor" : 9
}
2020-05-21 12:58:13,492 INFO c.s.d.s.Lift [Thread-4] {
  "liftId" : 1,
  "state" : "IDLE",
  "direction" : "NAN",
  "person" : 0,
  "floor" : 9
}
2020-05-21 12:58:56,355 INFO c.s.d.s.Lift [Thread-5] {
  "liftId" : 1,
  "state" : "IDLE",
  "direction" : "NAN",
  "person" : 0,
  "floor" : 1
}
2020-05-21 12:58:56,356 INFO c.s.d.s.Lift [Thread-5] {
  "liftId" : 1,
  "state" : "TO_PICKUP",
  "direction" : "UP",
  "person" : 0,
  "floor" : 1
}
2020-05-21 12:58:59,357 INFO c.s.d.s.Lift [Thread-5] {
  "liftId" : 1,
  "state" : "PICKUP",
  "direction" : "NAN",
  "person" : 1,
  "floor" : 2
}
2020-05-21 12:59:02,178 INFO c.s.d.s.Lift [Thread-6] {
  "liftId" : 2,
  "state" : "IDLE",
  "direction" : "NAN",
  "person" : 0,
  "floor" : 0
}
2020-05-21 12:59:02,178 INFO c.s.d.s.Lift [Thread-6] {
  "liftId" : 2,
  "state" : "IDLE",
  "direction" : "NAN",
  "person" : 0,
  "floor" : 0
}
2020-05-21 12:59:04,358 INFO c.s.d.s.Lift [Thread-5] {
  "liftId" : 1,
  "state" : "TO_DROPOFF",
  "direction" : "UP",
  "person" : 1,
  "floor" : 2
}
2020-05-21 12:59:14,179 INFO c.s.d.s.Lift [Thread-6] {
  "liftId" : 2,
  "state" : "PICKUP",
  "direction" : "NAN",
  "person" : 1,
  "floor" : 5
}
2020-05-21 12:59:18,180 INFO c.s.d.s.Lift [Thread-6] {
  "liftId" : 2,
  "state" : "TO_DROPOFF",
  "direction" : "UP",
  "person" : 1,
  "floor" : 5
}
2020-05-21 12:59:18,359 INFO c.s.d.s.Lift [Thread-5] {
  "liftId" : 1,
  "state" : "DROPOFF",
  "direction" : "NAN",
  "person" : 1,
  "floor" : 7
}
2020-05-21 12:59:22,359 INFO c.s.d.s.Lift [Thread-5] {
  "liftId" : 1,
  "state" : "IDLE",
  "direction" : "NAN",
  "person" : 0,
  "floor" : 7
}
2020-05-21 12:59:24,181 INFO c.s.d.s.Lift [Thread-6] {
  "liftId" : 2,
  "state" : "DROPOFF",
  "direction" : "NAN",
  "person" : 1,
  "floor" : 0
}
2020-05-21 12:59:28,181 INFO c.s.d.s.Lift [Thread-6] {
  "liftId" : 2,
  "state" : "IDLE",
  "direction" : "NAN",
  "person" : 0,
  "floor" : 0
}
